{
  "RSpec": {
    "coverage": {
      "/home/dynamic-generator-1400/tic-tac-toe-rb-ruby-apply-000/lib/tic_tac_toe.rb": [
        1,
        26,
        26,
        26,
        26,
        26,
        null,
        null,
        1,
        9340,
        null,
        null,
        1,
        24,
        null,
        null,
        1,
        9450,
        null,
        null,
        1,
        9340,
        null,
        null,
        1,
        9338,
        9337,
        9337,
        9337,
        21,
        21,
        null,
        9316,
        null,
        null,
        null,
        1,
        23,
        23,
        207,
        34,
        null,
        null,
        23,
        null,
        null,
        1,
        22,
        15,
        null,
        7,
        null,
        null,
        null,
        null,
        1,
        null,
        null,
        null,
        null,
        null,
        null,
        null,
        null,
        null,
        1,
        59,
        334,
        334,
        334,
        null,
        334,
        334,
        334,
        null,
        334,
        33,
        null,
        null,
        26,
        null,
        null,
        1,
        295,
        null,
        null,
        1,
        11,
        null,
        null,
        1,
        23,
        null,
        null,
        1,
        12,
        11,
        null,
        null,
        null,
        1,
        0,
        null,
        null,
        1,
        12,
        20,
        null,
        11,
        5,
        5,
        6,
        6,
        null,
        null
      ]
    },
    "timestamp": 1592244141
  }
}
