{
  "RSpec": {
    "coverage": {
      "/home/dynamic-generator-1400/tic-tac-toe-rb-ruby-apply-000/lib/tic_tac_toe.rb": [
        1,
        7,
        7,
        7,
        7,
        7,
        null,
        null,
        1,
        6,
        null,
        null,
        1,
        5,
        null,
        null,
        1,
        17,
        null,
        null,
        1,
        6,
        null,
        null,
        1,
        3,
        3,
        3,
        3,
        2,
        2,
        null,
        1,
        null,
        null,
        null,
        1,
        4,
        4,
        36,
        5,
        null,
        null,
        4,
        null,
        null,
        1,
        3,
        3,
        null,
        0,
        null,
        null,
        null,
        null,
        1,
        null,
        null,
        null,
        null,
        null,
        null,
        null,
        null,
        null,
        1,
        12,
        82,
        82,
        82,
        null,
        82,
        82,
        82,
        null,
        82,
        7,
        null,
        null,
        5,
        null,
        null,
        1,
        82,
        null,
        null,
        1,
        5,
        null,
        null,
        1,
        3,
        null,
        null,
        1,
        3,
        2,
        null,
        null,
        null
      ]
    },
    "timestamp": 1592243222
  }
}
